#
# A fatal error has been detected by the Java Runtime Environment:
#
#  EXCEPTION_ACCESS_VIOLATION (0xc0000005) at pc=0x00000000727adb09, pid=4936, tid=0x0000000000000660
#
# JRE version: OpenJDK Runtime Environment (8.0_202-b03) (build 1.8.0_202-release-1483-b03)
# Java VM: OpenJDK 64-Bit Server VM (25.202-b03 mixed mode windows-amd64 compressed oops)
# Problematic frame:
# V  [jvm.dll+0x51db09]
#
# Failed to write core dump. Minidumps are not enabled by default on client versions of Windows
#
# If you would like to submit a bug report, please visit:
#   http://bugreport.java.com/bugreport/crash.jsp
#

---------------  T H R E A D  ---------------

Current thread (0x0000000055fa1800):  JavaThread "C2 CompilerThread0" daemon [_thread_in_native, id=1632, stack(0x0000000057280000,0x0000000057380000)]

siginfo: ExceptionCode=0xc0000005, reading address 0x00000002728e5fe0

Registers:
RAX=0x00000002728e5fd8, RBX=0x000000005737f2e0, RCX=0x0000000058f3e598, RDX=0x000000005737f2e0
RSP=0x000000005737c400, RBP=0x000000005737c550, RSI=0x000000005737f2e0, RDI=0x0000000058f3e4e0
R8 =0x000000005737c720, R9 =0x00000000fffff10e, R10=0x000000005737c420, R11=0x0000000072850108
R12=0x0000000000000000, R13=0x0000000000003adb, R14=0x000000005737ead0, R15=0x0000000058f3e4e0
RIP=0x00000000727adb09, EFLAGS=0x0000000000010246

Top of Stack: (sp=0x000000005737c400)
0x000000005737c400:   0000000060338cd0 000000005737f2e0
0x000000005737c410:   000000005737f2e0 0000000000000001
0x000000005737c420:   0000000072850108 000000005737f338
0x000000005737c430:   0000000055fa2420 000000005737c550
0x000000005737c440:   000000005737ead0 0000000072759fa7
0x000000005737c450:   000000005737f338 000000005737c550
0x000000005737c460:   000000005737f2e0 0000000060335190
0x000000005737c470:   0000000000000010 0000000000000004
0x000000005737c480:   000000005f3f9a80 00000000000000ea
0x000000005737c490:   0000000058f4d1c0 00000000726b5626
0x000000005737c4a0:   0000001e00003adb 0000000100000002
0x000000005737c4b0:   00000000000000ea ffffffff00000003
0x000000005737c4c0:   000000000000001e 000000000000027d
0x000000005737c4d0:   000000005ba4d9c0 0000000000000002
0x000000005737c4e0:   0000053300003ad8 0000000000003a7c
0x000000005737c4f0:   000000005d13d160 000000005737ead0 

Instructions: (pc=0x00000000727adb09)
0x00000000727adae9:   40 48 8b 42 68 48 8b f9 48 8b da 48 89 42 60 48
0x00000000727adaf9:   8b 49 50 48 8b 01 ff 50 08 48 8b 4f 58 48 8b 01
0x00000000727adb09:   ff 50 08 48 8d 4c 24 20 48 8b d3 e8 b7 36 ae ff
0x00000000727adb19:   48 8b 4f 60 4c 8d 1d e4 25 0a 00 4c 89 5c 24 20 


Register to memory mapping:

RAX=0x00000002728e5fd8 is an unknown value
RBX=0x000000005737f2e0 is pointing into the stack for thread: 0x0000000055fa1800
RCX=0x0000000058f3e598 is an unknown value
RDX=0x000000005737f2e0 is pointing into the stack for thread: 0x0000000055fa1800
RSP=0x000000005737c400 is pointing into the stack for thread: 0x0000000055fa1800
RBP=0x000000005737c550 is pointing into the stack for thread: 0x0000000055fa1800
RSI=0x000000005737f2e0 is pointing into the stack for thread: 0x0000000055fa1800
RDI=0x0000000058f3e4e0 is an unknown value
R8 =0x000000005737c720 is pointing into the stack for thread: 0x0000000055fa1800
R9 =0x00000000fffff10e is an unallocated location in the heap
R10=0x000000005737c420 is pointing into the stack for thread: 0x0000000055fa1800
R11=0x0000000072850108 is an unknown value
R12=0x0000000000000000 is an unknown value
R13=0x0000000000003adb is an unknown value
R14=0x000000005737ead0 is pointing into the stack for thread: 0x0000000055fa1800
R15=0x0000000058f3e4e0 is an unknown value


Stack: [0x0000000057280000,0x0000000057380000],  sp=0x000000005737c400,  free space=1009k
Native frames: (J=compiled Java code, j=interpreted, Vv=VM code, C=native code)
V  [jvm.dll+0x51db09]
V  [jvm.dll+0x4c9fa7]
V  [jvm.dll+0x4cb2aa]
V  [jvm.dll+0x441af2]
V  [jvm.dll+0x4442b8]
V  [jvm.dll+0x4273d2]
V  [jvm.dll+0x8215f]
V  [jvm.dll+0x82abf]
V  [jvm.dll+0x21db7f]
V  [jvm.dll+0x26f5ba]
C  [msvcr100.dll+0x21d9f]
C  [msvcr100.dll+0x21e3b]
C  [kernel32.dll+0x159cd]
C  [ntdll.dll+0x2a561]


Current CompileTask:
C2:5336563 12356       4       org.gradle.internal.service.DefaultServiceRegistry$OwnServices$ProviderAnalyser::analyseType (78 bytes)


---------------  P R O C E S S  ---------------

Java Threads: ( => current thread )
  0x000000005f5c5000 JavaThread "Cache worker for cache directory md-rule (C:\Users\SAMUEL\.gradle\caches\5.4.1\md-rule)" [_thread_blocked, id=2692, stack(0x00000000612b0000,0x00000000613b0000)]
  0x000000005f5c5800 JavaThread "Cache worker for cache directory md-supplier (C:\Users\SAMUEL\.gradle\caches\5.4.1\md-supplier)" [_thread_blocked, id=5252, stack(0x0000000061070000,0x0000000061170000)]
  0x000000005c985000 JavaThread "Cache worker for file hash cache (C:\Users\SAMUEL\Documents\RhemaHiveApp\.gradle\5.4.1\fileHashes)" [_thread_blocked, id=5424, stack(0x000000005a260000,0x000000005a360000)]
  0x00000000584db000 JavaThread "Thread-50" [_thread_blocked, id=3252, stack(0x000000005c060000,0x000000005c160000)]
  0x00000000584dd000 JavaThread "Stdin handler" [_thread_blocked, id=5964, stack(0x000000005e4d0000,0x000000005e5d0000)]
  0x00000000584de000 JavaThread "Asynchronous log dispatcher for DefaultDaemonConnection: socket connection from /127.0.0.1:1249 to /127.0.0.1:47227" [_thread_blocked, id=5720, stack(0x000000005db40000,0x000000005dc40000)]
  0x00000000584d9800 JavaThread "Daemon worker Thread 3" [_thread_in_native, id=4616, stack(0x000000005e320000,0x000000005e420000)]
  0x00000000584d8800 JavaThread "Cancel handler" [_thread_blocked, id=3460, stack(0x000000005a6d0000,0x000000005a7d0000)]
  0x00000000584d7000 JavaThread "Handler for socket connection from /127.0.0.1:1249 to /127.0.0.1:47227" [_thread_in_native, id=5520, stack(0x0000000059f30000,0x000000005a030000)]
  0x00000000584da000 JavaThread "Daemon Thread 3" [_thread_blocked, id=3468, stack(0x0000000059a90000,0x0000000059b90000)]
  0x000000005f5c4000 JavaThread "Cache worker for Java compile cache (C:\Users\SAMUEL\.gradle\caches\5.4.1\javaCompile)" [_thread_blocked, id=5300, stack(0x000000005dc70000,0x000000005dd70000)]
  0x000000005c982000 JavaThread "Cache worker for file content cache (C:\Users\SAMUEL\.gradle\caches\5.4.1\fileContent)" [_thread_blocked, id=5976, stack(0x00000000614c0000,0x00000000615c0000)]
  0x00000000584dc800 JavaThread "Memory manager" [_thread_blocked, id=3152, stack(0x0000000060940000,0x0000000060a40000)]
  0x00000000584d8000 JavaThread "Cache worker for execution history cache (C:\Users\SAMUEL\.gradle\caches\5.4.1\executionHistory)" [_thread_blocked, id=3172, stack(0x000000005dfd0000,0x000000005e0d0000)]
  0x000000005857e000 JavaThread "Cache worker for journal cache (C:\Users\SAMUEL\.gradle\caches\journal-1)" [_thread_blocked, id=4988, stack(0x000000005a990000,0x000000005aa90000)]
  0x000000005857d800 JavaThread "File lock request listener" [_thread_in_native, id=5008, stack(0x000000005a830000,0x000000005a930000)]
  0x0000000057f52800 JavaThread "Cache worker for file hash cache (C:\Users\SAMUEL\.gradle\caches\5.4.1\fileHashes)" [_thread_blocked, id=4824, stack(0x000000005a360000,0x000000005a460000)]
  0x000000005897d000 JavaThread "Daemon periodic checks" [_thread_blocked, id=3692, stack(0x0000000059390000,0x0000000059490000)]
  0x00000000575f1000 JavaThread "Incoming local TCP Connector on port 1249" [_thread_in_native, id=1188, stack(0x0000000059920000,0x0000000059a20000)]
  0x0000000057563000 JavaThread "Daemon health stats" [_thread_blocked, id=2804, stack(0x00000000594b0000,0x00000000595b0000)]
  0x0000000057520800 JavaThread "Service Thread" daemon [_thread_blocked, id=4748, stack(0x0000000057930000,0x0000000057a30000)]
  0x0000000055fed800 JavaThread "C1 CompilerThread1" daemon [_thread_blocked, id=4424, stack(0x0000000057410000,0x0000000057510000)]
=>0x0000000055fa1800 JavaThread "C2 CompilerThread0" daemon [_thread_in_native, id=1632, stack(0x0000000057280000,0x0000000057380000)]
  0x0000000055fb1000 JavaThread "Attach Listener" daemon [_thread_blocked, id=1172, stack(0x0000000057050000,0x0000000057150000)]
  0x0000000055faf800 JavaThread "Signal Dispatcher" daemon [_thread_blocked, id=3084, stack(0x0000000056e70000,0x0000000056f70000)]
  0x0000000055f8d800 JavaThread "Finalizer" daemon [_thread_blocked, id=4728, stack(0x0000000056c90000,0x0000000056d90000)]
  0x0000000055f84800 JavaThread "Reference Handler" daemon [_thread_blocked, id=2476, stack(0x0000000056b80000,0x0000000056c80000)]
  0x000000000025e800 JavaThread "main" [_thread_blocked, id=3884, stack(0x00000000024d0000,0x00000000025d0000)]

Other Threads:
  0x0000000055f3c800 VMThread [stack: 0x00000000569d0000,0x0000000056ad0000] [id=3228]
  0x000000005600e800 WatcherThread [stack: 0x0000000057a50000,0x0000000057b50000] [id=4828]

VM state:not at safepoint (normal execution)

VM Mutex/Monitor currently owned by a thread: None

heap address: 0x00000000a0000000, size: 1536 MB, Compressed Oops mode: 32-bit
Narrow klass base: 0x0000000000000000, Narrow klass shift: 0
Compressed class space size: 1073741824 Address: 0x0000000015610000

Heap:
 PSYoungGen      total 409088K, used 159784K [0x00000000e0000000, 0x00000000fba80000, 0x0000000100000000)
  eden space 382464K, 41% used [0x00000000e0000000,0x00000000e9c0a288,0x00000000f7580000)
  from space 26624K, 0% used [0x00000000fa080000,0x00000000fa080000,0x00000000fba80000)
  to   space 35328K, 0% used [0x00000000f7580000,0x00000000f7580000,0x00000000f9800000)
 ParOldGen       total 136192K, used 59611K [0x00000000a0000000, 0x00000000a8500000, 0x00000000e0000000)
  object space 136192K, 43% used [0x00000000a0000000,0x00000000a3a36f48,0x00000000a8500000)
 Metaspace       used 73390K, capacity 75466K, committed 75736K, reserved 1116160K
  class space    used 9410K, capacity 9939K, committed 9984K, reserved 1048576K

Card table byte_map: [0x0000000011c60000,0x0000000011f70000] byte_map_base: 0x0000000011760000

Marking Bits: (ParMarkBitMap*) 0x0000000072a59f30
 Begin Bits: [0x0000000012310000, 0x0000000013b10000)
 End Bits:   [0x0000000013b10000, 0x0000000015310000)

Polling page: 0x0000000000230000

CodeCache: size=245760Kb used=32449Kb max_used=33233Kb free=213310Kb
 bounds [0x00000000028a0000, 0x0000000004960000, 0x00000000118a0000]
 total_blobs=10953 nmethods=10126 adapters=738
 compilation: enabled

Compilation events (10 events):
Event: 5331.731 Thread 0x0000000055fed800 12368       3       org.gradle.tooling.internal.provider.runner.ClientForwardingBuildOperationListener::finished (28 bytes)
Event: 5331.733 Thread 0x0000000055fed800 nmethod 12368 0x0000000002aaf510 code [0x0000000002aaf6e0, 0x0000000002aafec8]
Event: 5331.736 Thread 0x0000000055fed800 12369       3       org.gradle.tooling.internal.provider.events.AbstractOperationResult::<init> (9 bytes)
Event: 5331.737 Thread 0x0000000055fed800 nmethod 12369 0x00000000045f8950 code [0x00000000045f8ac0, 0x00000000045f8cf0]
Event: 5331.752 Thread 0x0000000055fed800 12370   !   3       java.util.concurrent.ConcurrentHashMap::replaceNode (416 bytes)
Event: 5331.762 Thread 0x0000000055fed800 nmethod 12370 0x0000000004924b90 code [0x0000000004924e80, 0x00000000049269c8]
Event: 5331.768 Thread 0x0000000055fed800 12371       3       org.gradle.internal.service.DefaultServiceRegistry$ParentServices::getAll (12 bytes)
Event: 5331.769 Thread 0x0000000055fed800 nmethod 12371 0x000000000464e5d0 code [0x000000000464e740, 0x000000000464e968]
Event: 5331.775 Thread 0x0000000055fed800 12372       3       org.gradle.internal.service.DefaultServiceRegistry::add (23 bytes)
Event: 5331.778 Thread 0x0000000055fed800 nmethod 12372 0x0000000003d16150 code [0x0000000003d16340, 0x0000000003d16c68]

GC Heap History (10 events):
Event: 257.059 GC heap before
{Heap before GC invocations=14 (full 3):
 PSYoungGen      total 194560K, used 16884K [0x00000000e0000000, 0x00000000f3200000, 0x0000000100000000)
  eden space 177664K, 0% used [0x00000000e0000000,0x00000000e0000000,0x00000000ead80000)
  from space 16896K, 99% used [0x00000000ead80000,0x00000000ebdfd348,0x00000000ebe00000)
  to   space 22528K, 0% used [0x00000000f1c00000,0x00000000f1c00000,0x00000000f3200000)
 ParOldGen       total 67072K, used 27462K [0x00000000a0000000, 0x00000000a4180000, 0x00000000e0000000)
  object space 67072K, 40% used [0x00000000a0000000,0x00000000a1ad1b58,0x00000000a4180000)
 Metaspace       used 57483K, capacity 58958K, committed 59028K, reserved 1099776K
  class space    used 7751K, capacity 8163K, committed 8192K, reserved 1048576K
Event: 258.874 GC heap after
Heap after GC invocations=14 (full 3):
 PSYoungGen      total 194560K, used 0K [0x00000000e0000000, 0x00000000f3200000, 0x0000000100000000)
  eden space 177664K, 0% used [0x00000000e0000000,0x00000000e0000000,0x00000000ead80000)
  from space 16896K, 0% used [0x00000000ead80000,0x00000000ead80000,0x00000000ebe00000)
  to   space 22528K, 0% used [0x00000000f1c00000,0x00000000f1c00000,0x00000000f3200000)
 ParOldGen       total 96256K, used 40237K [0x00000000a0000000, 0x00000000a5e00000, 0x00000000e0000000)
  object space 96256K, 41% used [0x00000000a0000000,0x00000000a274b7d0,0x00000000a5e00000)
 Metaspace       used 57483K, capacity 58958K, committed 59028K, reserved 1099776K
  class space    used 7751K, capacity 8163K, committed 8192K, reserved 1048576K
}
Event: 5063.666 GC heap before
{Heap before GC invocations=15 (full 3):
 PSYoungGen      total 194560K, used 177664K [0x00000000e0000000, 0x00000000f3200000, 0x0000000100000000)
  eden space 177664K, 100% used [0x00000000e0000000,0x00000000ead80000,0x00000000ead80000)
  from space 16896K, 0% used [0x00000000ead80000,0x00000000ead80000,0x00000000ebe00000)
  to   space 22528K, 0% used [0x00000000f1c00000,0x00000000f1c00000,0x00000000f3200000)
 ParOldGen       total 96256K, used 40237K [0x00000000a0000000, 0x00000000a5e00000, 0x00000000e0000000)
  object space 96256K, 41% used [0x00000000a0000000,0x00000000a274b7d0,0x00000000a5e00000)
 Metaspace       used 62625K, capacity 64336K, committed 64472K, reserved 1105920K
  class space    used 8179K, capacity 8586K, committed 8704K, reserved 1048576K
Event: 5063.846 GC heap after
Heap after GC invocations=15 (full 3):
 PSYoungGen      total 283648K, used 10873K [0x00000000e0000000, 0x00000000f2d80000, 0x0000000100000000)
  eden space 265728K, 0% used [0x00000000e0000000,0x00000000e0000000,0x00000000f0380000)
  from space 17920K, 60% used [0x00000000f1c00000,0x00000000f269e668,0x00000000f2d80000)
  to   space 21504K, 0% used [0x00000000f0380000,0x00000000f0380000,0x00000000f1880000)
 ParOldGen       total 96256K, used 40237K [0x00000000a0000000, 0x00000000a5e00000, 0x00000000e0000000)
  object space 96256K, 41% used [0x00000000a0000000,0x00000000a274b7d0,0x00000000a5e00000)
 Metaspace       used 62625K, capacity 64336K, committed 64472K, reserved 1105920K
  class space    used 8179K, capacity 8586K, committed 8704K, reserved 1048576K
}
Event: 5113.488 GC heap before
{Heap before GC invocations=16 (full 3):
 PSYoungGen      total 283648K, used 276601K [0x00000000e0000000, 0x00000000f2d80000, 0x0000000100000000)
  eden space 265728K, 100% used [0x00000000e0000000,0x00000000f0380000,0x00000000f0380000)
  from space 17920K, 60% used [0x00000000f1c00000,0x00000000f269e668,0x00000000f2d80000)
  to   space 21504K, 0% used [0x00000000f0380000,0x00000000f0380000,0x00000000f1880000)
 ParOldGen       total 96256K, used 40237K [0x00000000a0000000, 0x00000000a5e00000, 0x00000000e0000000)
  object space 96256K, 41% used [0x00000000a0000000,0x00000000a274b7d0,0x00000000a5e00000)
 Metaspace       used 66053K, capacity 67990K, committed 68184K, reserved 1107968K
  class space    used 8590K, capacity 9073K, committed 9088K, reserved 1048576K
Event: 5113.891 GC heap after
Heap after GC invocations=16 (full 3):
 PSYoungGen      total 287232K, used 21484K [0x00000000e0000000, 0x00000000fc380000, 0x0000000100000000)
  eden space 265728K, 0% used [0x00000000e0000000,0x00000000e0000000,0x00000000f0380000)
  from space 21504K, 99% used [0x00000000f0380000,0x00000000f187b240,0x00000000f1880000)
  to   space 35840K, 0% used [0x00000000fa080000,0x00000000fa080000,0x00000000fc380000)
 ParOldGen       total 96256K, used 70092K [0x00000000a0000000, 0x00000000a5e00000, 0x00000000e0000000)
  object space 96256K, 72% used [0x00000000a0000000,0x00000000a4473330,0x00000000a5e00000)
 Metaspace       used 66053K, capacity 67990K, committed 68184K, reserved 1107968K
  class space    used 8590K, capacity 9073K, committed 9088K, reserved 1048576K
}
Event: 5247.767 GC heap before
{Heap before GC invocations=17 (full 3):
 PSYoungGen      total 287232K, used 287212K [0x00000000e0000000, 0x00000000fc380000, 0x0000000100000000)
  eden space 265728K, 100% used [0x00000000e0000000,0x00000000f0380000,0x00000000f0380000)
  from space 21504K, 99% used [0x00000000f0380000,0x00000000f187b240,0x00000000f1880000)
  to   space 35840K, 0% used [0x00000000fa080000,0x00000000fa080000,0x00000000fc380000)
 ParOldGen       total 96256K, used 70092K [0x00000000a0000000, 0x00000000a5e00000, 0x00000000e0000000)
  object space 96256K, 72% used [0x00000000a0000000,0x00000000a4473330,0x00000000a5e00000)
 Metaspace       used 71574K, capacity 73702K, committed 73816K, reserved 1114112K
  class space    used 9271K, capacity 9781K, committed 9856K, reserved 1048576K
Event: 5248.160 GC heap after
Heap after GC invocations=17 (full 3):
 PSYoungGen      total 409088K, used 19404K [0x00000000e0000000, 0x00000000fba80000, 0x0000000100000000)
  eden space 382464K, 0% used [0x00000000e0000000,0x00000000e0000000,0x00000000f7580000)
  from space 26624K, 72% used [0x00000000fa080000,0x00000000fb373340,0x00000000fba80000)
  to   space 35328K, 0% used [0x00000000f7580000,0x00000000f7580000,0x00000000f9800000)
 ParOldGen       total 96256K, used 88995K [0x00000000a0000000, 0x00000000a5e00000, 0x00000000e0000000)
  object space 96256K, 92% used [0x00000000a0000000,0x00000000a56e8e48,0x00000000a5e00000)
 Metaspace       used 71574K, capacity 73702K, committed 73816K, reserved 1114112K
  class space    used 9271K, capacity 9781K, committed 9856K, reserved 1048576K
}
Event: 5248.160 GC heap before
{Heap before GC invocations=18 (full 4):
 PSYoungGen      total 409088K, used 19404K [0x00000000e0000000, 0x00000000fba80000, 0x0000000100000000)
  eden space 382464K, 0% used [0x00000000e0000000,0x00000000e0000000,0x00000000f7580000)
  from space 26624K, 72% used [0x00000000fa080000,0x00000000fb373340,0x00000000fba80000)
  to   space 35328K, 0% used [0x00000000f7580000,0x00000000f7580000,0x00000000f9800000)
 ParOldGen       total 96256K, used 88995K [0x00000000a0000000, 0x00000000a5e00000, 0x00000000e0000000)
  object space 96256K, 92% used [0x00000000a0000000,0x00000000a56e8e48,0x00000000a5e00000)
 Metaspace       used 71574K, capacity 73702K, committed 73816K, reserved 1114112K
  class space    used 9271K, capacity 9781K, committed 9856K, reserved 1048576K
Event: 5249.719 GC heap after
Heap after GC invocations=18 (full 4):
 PSYoungGen      total 409088K, used 0K [0x00000000e0000000, 0x00000000fba80000, 0x0000000100000000)
  eden space 382464K, 0% used [0x00000000e0000000,0x00000000e0000000,0x00000000f7580000)
  from space 26624K, 0% used [0x00000000fa080000,0x00000000fa080000,0x00000000fba80000)
  to   space 35328K, 0% used [0x00000000f7580000,0x00000000f7580000,0x00000000f9800000)
 ParOldGen       total 136192K, used 59611K [0x00000000a0000000, 0x00000000a8500000, 0x00000000e0000000)
  object space 136192K, 43% used [0x00000000a0000000,0x00000000a3a36f48,0x00000000a8500000)
 Metaspace       used 71425K, capacity 73448K, committed 73816K, reserved 1114112K
  class space    used 9241K, capacity 9724K, committed 9856K, reserved 1048576K
}

Deoptimization events (10 events):
Event: 5262.294 Thread 0x00000000584d7000 Uncommon trap: reason=unstable_if action=reinterpret pc=0x00000000041e8518 method=java.lang.ref.SoftReference.get()Ljava/lang/Object; @ 6
Event: 5262.294 Thread 0x00000000584d7000 Uncommon trap: reason=unstable_if action=reinterpret pc=0x00000000036642c0 method=java.util.concurrent.ConcurrentHashMap.replaceNode(Ljava/lang/Object;Ljava/lang/Object;Ljava/lang/Object;)Ljava/lang/Object; @ 136
Event: 5262.971 Thread 0x00000000584da000 Uncommon trap: reason=array_check action=maybe_recompile pc=0x0000000002a8ef40 method=java.util.TimSort.binarySort([Ljava/lang/Object;IIILjava/util/Comparator;)V @ 215
Event: 5262.977 Thread 0x00000000584da000 Uncommon trap: reason=array_check action=maybe_recompile pc=0x0000000002a8ef40 method=java.util.TimSort.binarySort([Ljava/lang/Object;IIILjava/util/Comparator;)V @ 215
Event: 5262.981 Thread 0x00000000584da000 Uncommon trap: reason=array_check action=maybe_recompile pc=0x00000000045b4178 method=java.util.TimSort.binarySort([Ljava/lang/Object;IIILjava/util/Comparator;)V @ 215
Event: 5265.012 Thread 0x00000000584da000 Uncommon trap: reason=class_check action=maybe_recompile pc=0x0000000003322fe0 method=java.util.concurrent.LinkedBlockingQueue.poll(JLjava/util/concurrent/TimeUnit;)Ljava/lang/Object; @ 8
Event: 5265.012 Thread 0x00000000584da000 Uncommon trap: reason=null_check action=make_not_entrant pc=0x0000000003ee4bdc method=org.slf4j.helpers.MessageFormatter.getThrowableCandidate([Ljava/lang/Object;)Ljava/lang/Throwable; @ 19
Event: 5265.012 Thread 0x00000000584da000 Uncommon trap: reason=unstable_if action=reinterpret pc=0x0000000003ec68e0 method=org.slf4j.helpers.MessageFormatter.deeplyAppendParameter(Ljava/lang/StringBuilder;Ljava/lang/Object;Ljava/util/Map;)V @ 1
Event: 5328.655 Thread 0x00000000584da000 Uncommon trap: reason=class_check action=maybe_recompile pc=0x0000000003322fe0 method=java.util.concurrent.LinkedBlockingQueue.poll(JLjava/util/concurrent/TimeUnit;)Ljava/lang/Object; @ 8
Event: 5330.964 Thread 0x00000000584d9800 Uncommon trap: reason=unstable_if action=reinterpret pc=0x0000000003681678 method=java.lang.ref.SoftReference.get()Ljava/lang/Object; @ 6

Classes redefined (0 events):
No events

Internal exceptions (10 events):
Event: 5328.975 Thread 0x00000000584d7000 Exception <a 'java/lang/NoSuchMethodError': <clinit>> (0x00000000e9717188) thrown at [D:\src\AOSP-openjdk-cygwin\jdk8u\hotspot\src\share\vm\prims\jni.cpp, line 1614]
Event: 5328.977 Thread 0x00000000584d7000 Exception <a 'java/lang/NoSuchMethodError': <clinit>> (0x00000000e9721680) thrown at [D:\src\AOSP-openjdk-cygwin\jdk8u\hotspot\src\share\vm\prims\jni.cpp, line 1614]
Event: 5328.981 Thread 0x00000000584d7000 Exception <a 'java/lang/NoSuchMethodError': <clinit>> (0x00000000e972c6f0) thrown at [D:\src\AOSP-openjdk-cygwin\jdk8u\hotspot\src\share\vm\prims\jni.cpp, line 1614]
Event: 5329.009 Thread 0x00000000584d7000 Exception <a 'java/lang/NoSuchMethodError': <clinit>> (0x00000000e973e760) thrown at [D:\src\AOSP-openjdk-cygwin\jdk8u\hotspot\src\share\vm\prims\jni.cpp, line 1614]
Event: 5329.017 Thread 0x00000000584d7000 Exception <a 'java/lang/NoSuchMethodError': <clinit>> (0x00000000e974c280) thrown at [D:\src\AOSP-openjdk-cygwin\jdk8u\hotspot\src\share\vm\prims\jni.cpp, line 1614]
Event: 5329.042 Thread 0x00000000584d7000 Exception <a 'java/lang/NoSuchMethodError': <clinit>> (0x00000000e978f0a8) thrown at [D:\src\AOSP-openjdk-cygwin\jdk8u\hotspot\src\share\vm\prims\jni.cpp, line 1614]
Event: 5329.060 Thread 0x00000000584d7000 Exception <a 'java/lang/NoSuchMethodError': <clinit>> (0x00000000e979ea48) thrown at [D:\src\AOSP-openjdk-cygwin\jdk8u\hotspot\src\share\vm\prims\jni.cpp, line 1614]
Event: 5329.100 Thread 0x00000000584d7000 Exception <a 'java/lang/NoSuchMethodError': <clinit>> (0x00000000e97b9358) thrown at [D:\src\AOSP-openjdk-cygwin\jdk8u\hotspot\src\share\vm\prims\jni.cpp, line 1614]
Event: 5329.103 Thread 0x00000000584d7000 Exception <a 'java/lang/NoSuchMethodError': <clinit>> (0x00000000e97c46d0) thrown at [D:\src\AOSP-openjdk-cygwin\jdk8u\hotspot\src\share\vm\prims\jni.cpp, line 1614]
Event: 5330.964 Thread 0x00000000584d9800 Implicit null exception at 0x0000000003680d4c to 0x0000000003681659

Events (10 events):
Event: 5331.744 Thread 0x0000000055fed800 flushing nmethod 0x000000000399f910
Event: 5331.764 Thread 0x0000000055fed800 flushing nmethod 0x0000000003b5a310
Event: 5331.764 Thread 0x0000000055fed800 flushing nmethod 0x0000000003b651d0
Event: 5331.769 Thread 0x0000000055fed800 flushing nmethod 0x0000000003ba4d90
Event: 5331.770 Thread 0x0000000055fed800 flushing nmethod 0x0000000003c22a10
Event: 5331.771 Thread 0x0000000055fed800 flushing nmethod 0x0000000003d059d0
Event: 5331.771 Thread 0x0000000055fed800 flushing nmethod 0x0000000003d16050
Event: 5331.771 Thread 0x0000000055fed800 flushing nmethod 0x0000000003d16890
Event: 5331.771 Thread 0x0000000055fed800 flushing nmethod 0x0000000003d16ed0
Event: 5331.779 Thread 0x0000000055fed800 flushing nmethod 0x0000000003d925d0


Dynamic libraries:
0x000000013f040000 - 0x000000013f071000 	C:\Program Files\Android\Android Studio\jre\bin\java.exe
0x0000000077830000 - 0x00000000779da000 	C:\Windows\SYSTEM32\ntdll.dll
0x0000000077710000 - 0x000000007782f000 	C:\Windows\system32\kernel32.dll
0x000007fefd6e0000 - 0x000007fefd74a000 	C:\Windows\system32\KERNELBASE.dll
0x000007fefeab0000 - 0x000007fefeb8b000 	C:\Windows\system32\ADVAPI32.dll
0x000007feff430000 - 0x000007feff4cf000 	C:\Windows\system32\msvcrt.dll
0x000007feff7d0000 - 0x000007feff7ef000 	C:\Windows\SYSTEM32\sechost.dll
0x000007feff020000 - 0x000007feff14d000 	C:\Windows\system32\RPCRT4.dll
0x0000000077610000 - 0x000000007770a000 	C:\Windows\system32\USER32.dll
0x000007fefda30000 - 0x000007fefda97000 	C:\Windows\system32\GDI32.dll
0x000007fefda20000 - 0x000007fefda2e000 	C:\Windows\system32\LPK.dll
0x000007feff900000 - 0x000007feff9ca000 	C:\Windows\system32\USP10.dll
0x000007fefbef0000 - 0x000007fefc0e4000 	C:\Windows\WinSxS\amd64_microsoft.windows.common-controls_6595b64144ccf1df_6.0.7601.17514_none_fa396087175ac9ac\COMCTL32.dll
0x000007feff9e0000 - 0x000007feffa51000 	C:\Windows\system32\SHLWAPI.dll
0x000007feff4d0000 - 0x000007feff4fe000 	C:\Windows\system32\IMM32.DLL
0x000007feff7f0000 - 0x000007feff8f9000 	C:\Windows\system32\MSCTF.dll
0x000000006c600000 - 0x000000006c6d2000 	C:\Program Files\Android\Android Studio\jre\jre\bin\msvcr100.dll
0x0000000072290000 - 0x0000000072ad6000 	C:\Program Files\Android\Android Studio\jre\jre\bin\server\jvm.dll
0x000007fef75c0000 - 0x000007fef75c9000 	C:\Windows\system32\WSOCK32.dll
0x000007fefefd0000 - 0x000007feff01d000 	C:\Windows\system32\WS2_32.dll
0x000007feff9d0000 - 0x000007feff9d8000 	C:\Windows\system32\NSI.dll
0x000007fefaba0000 - 0x000007fefabdb000 	C:\Windows\system32\WINMM.dll
0x000007fefc6d0000 - 0x000007fefc6dc000 	C:\Windows\system32\VERSION.dll
0x0000000077a00000 - 0x0000000077a07000 	C:\Windows\system32\PSAPI.DLL
0x000007fef75a0000 - 0x000007fef75af000 	C:\Program Files\Android\Android Studio\jre\jre\bin\verify.dll
0x000007fef7570000 - 0x000007fef7599000 	C:\Program Files\Android\Android Studio\jre\jre\bin\java.dll
0x000007fef7550000 - 0x000007fef7566000 	C:\Program Files\Android\Android Studio\jre\jre\bin\zip.dll
0x000007fefdaa0000 - 0x000007fefe82a000 	C:\Windows\system32\SHELL32.dll
0x000007fefedc0000 - 0x000007fefefc3000 	C:\Windows\system32\ole32.dll
0x000007fefd5f0000 - 0x000007fefd5ff000 	C:\Windows\system32\profapi.dll
0x000007fef4370000 - 0x000007fef438a000 	C:\Program Files\Android\Android Studio\jre\jre\bin\net.dll
0x000007fefcd80000 - 0x000007fefcdd5000 	C:\Windows\system32\mswsock.dll
0x000007fefcd70000 - 0x000007fefcd77000 	C:\Windows\System32\wship6.dll
0x000007fef3d00000 - 0x000007fef3d11000 	C:\Program Files\Android\Android Studio\jre\jre\bin\nio.dll
0x000007fef17a0000 - 0x000007fef17c6000 	C:\Users\SAMUEL\.gradle\native\29\windows-amd64\native-platform.dll
0x000007fefaad0000 - 0x000007fefaad3000 	C:\Windows\system32\api-ms-win-core-synch-l1-2-0.DLL
0x000007fef46b0000 - 0x000007fef46bd000 	C:\Program Files\Android\Android Studio\jre\jre\bin\management.dll
0x000007fefcde0000 - 0x000007fefcdf8000 	C:\Windows\system32\CRYPTSP.dll
0x000007fefcae0000 - 0x000007fefcb27000 	C:\Windows\system32\rsaenh.dll
0x000007fefd900000 - 0x000007fefd91e000 	C:\Windows\system32\USERENV.dll
0x000007fefd440000 - 0x000007fefd44f000 	C:\Windows\system32\CRYPTBASE.dll
0x000007fefa870000 - 0x000007fefa897000 	C:\Windows\system32\IPHLPAPI.DLL
0x000007fefa850000 - 0x000007fefa85b000 	C:\Windows\system32\WINNSI.DLL
0x000007fefa6d0000 - 0x000007fefa6e8000 	C:\Windows\system32\dhcpcsvc.DLL
0x000007fefa390000 - 0x000007fefa3a1000 	C:\Windows\system32\dhcpcsvc6.DLL
0x000007fefd3e0000 - 0x000007fefd437000 	C:\Windows\system32\apphelp.dll
0x000007fee5400000 - 0x000007fee5525000 	C:\Windows\system32\dbghelp.dll

VM Arguments:
jvm_args: -Xmx1536m -Dfile.encoding=windows-1252 -Duser.country=US -Duser.language=en -Duser.variant 
java_command: org.gradle.launcher.daemon.bootstrap.GradleDaemon 5.4.1
java_class_path (initial): C:\Users\SAMUEL\.gradle\wrapper\dists\gradle-5.4.1-all\3221gyojl5jsh0helicew7rwx\gradle-5.4.1\lib\gradle-launcher-5.4.1.jar
Launcher Type: SUN_STANDARD

Environment Variables:
PATH=C:\Program Files\Java\jre1.8.0_162\bin;C:\Program Files\Java\jdk1.8.0_162\bin;C:\Users\SAMUEL\AppData\Local\Programs\Python\Python36-32;C:\Program Files\nodejs\;C:\Program Files (x86)\AppInventor\commands-for-appinventor;C:\Program Files (x86)\Anaconda\Lib;C:\Program Files\PuTTY\;C:\Maven\apache-maven-3.6.3\bin;C:\Program Files\Git\cmd;C:\Users\SAMUEL\Anaconda3;C:\Users\SAMUEL\Anaconda3\Library\mingw-w64\bin;C:\Users\SAMUEL\Anaconda3\Library\usr\bin;C:\Users\SAMUEL\Anaconda3\Library\bin;C:\Users\SAMUEL\Anaconda3\Scripts;C:\Users\SAMUEL\AppData\Roaming\npm;%IntelliJ IDEA Community Edition%
USERNAME=SAMUEL
OS=Windows_NT
PROCESSOR_IDENTIFIER=AMD64 Family 20 Model 2 Stepping 0, AuthenticAMD



---------------  S Y S T E M  ---------------

OS: Windows 7 , 64 bit Build 7601 (6.1.7601.23677)

CPU:total 2 (initial active 2) (2 cores per cpu, 1 threads per core) family 20 model 2 stepping 0, cmov, cx8, fxsr, mmx, sse, sse2, sse3, ssse3, popcnt, mmxext, lzcnt, sse4a, tsc, tscinvbit, tscinv

Memory: 4k page, physical 5876640k(296144k free), swap 11751420k(6089504k free)

vm_info: OpenJDK 64-Bit Server VM (25.202-b03) for windows-amd64 JRE (1.8.0_202-release-1483-b03), built by "builder" with MS VC++ 10.0 (VS2010)

time: Tue Jan 28 16:23:02 2020
timezone: W. Central Africa Standard Time
elapsed time: 5332 seconds (0d 1h 28m 52s)

