#
# A fatal error has been detected by the Java Runtime Environment:
#
#  EXCEPTION_ACCESS_VIOLATION (0xc0000005) at pc=0x0000000069d7f4d8, pid=5684, tid=0x0000000000001648
#
# JRE version: OpenJDK Runtime Environment (8.0_202-b03) (build 1.8.0_202-release-1483-b03)
# Java VM: OpenJDK 64-Bit Server VM (25.202-b03 mixed mode windows-amd64 compressed oops)
# Problematic frame:
# V  [jvm.dll+0xef4d8]
#
# Failed to write core dump. Minidumps are not enabled by default on client versions of Windows
#
# If you would like to submit a bug report, please visit:
#   http://bugreport.java.com/bugreport/crash.jsp
#

---------------  T H R E A D  ---------------

Current thread (0x00000000020b4000):  GCTaskThread [stack: 0x00000000023b0000,0x00000000024b0000] [id=5704]

siginfo: ExceptionCode=0xc0000005, reading address 0xffffffffffffffff

Registers:
RAX=0x0000000012400000, RBX=0x0000000000000002, RCX=0x0000000000000000, RDX=0x0000000000000000
RSP=0x00000000024af550, RBP=0x00000000a15f749c, RSI=0x0000000000000003, RDI=0x000000000217fd50
R8 =0x007fffffffb00000, R9 =0x0000000000000003, R10=0x000000000000000c, R11=0x0000000000000c42
R12=0x00000000a15f74a4, R13=0x000000001570c140, R14=0x000000001570c148, R15=0x00000000a15f7480
RIP=0x0000000069d7f4d8, EFLAGS=0x0000000000010246

Top of Stack: (sp=0x00000000024af550)
0x00000000024af550:   00000000a15f74a8 00000000a15f7490
0x00000000024af560:   0000000000000003 000000000217fd50
0x00000000024af570:   0000000000000000 00000000000003d8
0x00000000024af580:   00000000020b5728 00000000020b4370
0x00000000024af590:   0000000000000c42 000000006a055f40
0x00000000024af5a0:   0000000056216250 0000000055f755a0
0x00000000024af5b0:   000000000217fd50 00000000020b5350
0x00000000024af5c0:   0000000000000000 0000000000000c00
0x00000000024af5d0:   0000000000000000 0000000000000000
0x00000000024af5e0:   0000000000000000 00000000581c5800
0x00000000024af5f0:   00000000020b5301 00000000020b5301
0x00000000024af600:   0000cb9c5b4392d9 00000000020b5728
0x00000000024af610:   00000000020b5350 00000000000003d8
0x00000000024af620:   00000000020b5350 00000000020b4370
0x00000000024af630:   00000000020b5340 0000000055f755a0
0x00000000024af640:   000000000217fd50 000000006a052fc3 

Instructions: (pc=0x0000000069d7f4d8)
0x0000000069d7f4b8:   05 73 aa 6d 00 49 c1 e8 03 49 d3 e8 41 0f b6 c0
0x0000000069d7f4c8:   49 c1 e8 06 24 3f 0f b6 d0 48 8b 05 88 aa 6d 00
0x0000000069d7f4d8:   4a 8b 0c c0 48 0f a3 d1 0f 82 59 01 00 00 0f b6
0x0000000069d7f4e8:   15 84 09 6d 00 84 d2 74 16 44 8b 43 08 8b 0d 1d 


Register to memory mapping:

RAX=0x0000000012400000 is an unknown value
RBX=0x0000000000000002 is an unknown value
RCX=0x0000000000000000 is an unknown value
RDX=0x0000000000000000 is an unknown value
RSP=0x00000000024af550 is an unknown value
RBP=0x00000000a15f749c is pointing into object: 0x00000000a15f7480
java.lang.invoke.MethodType 
 - klass: 'java/lang/invoke/MethodType'
RSI=0x0000000000000003 is an unknown value
RDI=0x000000000217fd50 is an unknown value
R8 =0x007fffffffb00000 is an unknown value
R9 =0x0000000000000003 is an unknown value
R10=0x000000000000000c is an unknown value
R11=0x0000000000000c42 is an unknown value
R12=0x00000000a15f74a4 is pointing into object: 0x00000000a15f7480
java.lang.invoke.MethodType 
 - klass: 'java/lang/invoke/MethodType'
R13=0x000000001570c140 is pointing into metadata
R14=0x000000001570c148 is pointing into metadata
R15=0x00000000a15f7480 is an oop
java.lang.invoke.MethodType 
 - klass: 'java/lang/invoke/MethodType'


Stack: [0x00000000023b0000,0x00000000024b0000],  sp=0x00000000024af550,  free space=1021k
Native frames: (J=compiled Java code, j=interpreted, Vv=VM code, C=native code)
V  [jvm.dll+0xef4d8]
V  [jvm.dll+0x3c5f40]
V  [jvm.dll+0x3c2fc3]
V  [jvm.dll+0x3c0d9e]
V  [jvm.dll+0x26f5ba]
C  [msvcr100.dll+0x21d9f]
C  [msvcr100.dll+0x21e3b]
C  [kernel32.dll+0x159cd]
C  [ntdll.dll+0x2a561]


---------------  P R O C E S S  ---------------

Java Threads: ( => current thread )
  0x00000000581c5800 JavaThread "Cache worker for file content cache (C:\Users\SAMUEL\Documents\RhemaHiveApp\.gradle\5.4.1\fileContent)" [_thread_blocked, id=2584, stack(0x0000000060b90000,0x0000000060c90000)]
  0x00000000581c5000 JavaThread "Cache worker for file content cache (C:\Users\SAMUEL\.gradle\caches\5.4.1\fileContent)" [_thread_blocked, id=6240, stack(0x000000005a820000,0x000000005a920000)]
  0x00000000581c4000 JavaThread "Memory manager" [_thread_blocked, id=6900, stack(0x000000005d540000,0x000000005d640000)]
  0x00000000581c2800 JavaThread "Cache worker for Build Output Cleanup Cache (C:\Users\SAMUEL\Documents\RhemaHiveApp\.gradle\buildOutputCleanup)" [_thread_blocked, id=6168, stack(0x000000005edc0000,0x000000005eec0000)]
  0x00000000581c2000 JavaThread "pool-1-thread-1" [_thread_blocked, id=6736, stack(0x000000005e190000,0x000000005e290000)]
  0x00000000581c1000 JavaThread "Build operations Thread 2" [_thread_blocked, id=624, stack(0x000000005e820000,0x000000005e920000)]
  0x00000000581c0800 JavaThread "Build operations" [_thread_blocked, id=6496, stack(0x000000005e630000,0x000000005e730000)]
  0x00000000581bf800 JavaThread "Cache worker for execution history cache (C:\Users\SAMUEL\.gradle\caches\5.4.1\executionHistory)" [_thread_blocked, id=6148, stack(0x000000005e2c0000,0x000000005e3c0000)]
  0x00000000581be800 JavaThread "Cache worker for cache directory md-rule (C:\Users\SAMUEL\.gradle\caches\5.4.1\md-rule)" [_thread_blocked, id=7164, stack(0x000000005def0000,0x000000005dff0000)]
  0x00000000581be000 JavaThread "Cache worker for cache directory md-supplier (C:\Users\SAMUEL\.gradle\caches\5.4.1\md-supplier)" [_thread_blocked, id=5820, stack(0x000000005e020000,0x000000005e120000)]
  0x00000000581b8800 JavaThread "Cache worker for file hash cache (C:\Users\SAMUEL\Documents\RhemaHiveApp\.gradle\5.4.1\fileHashes)" [_thread_blocked, id=6648, stack(0x000000005cfa0000,0x000000005d0a0000)]
  0x00000000581b8000 JavaThread "Cache worker for journal cache (C:\Users\SAMUEL\.gradle\caches\journal-1)" [_thread_blocked, id=7148, stack(0x000000005acc0000,0x000000005adc0000)]
  0x00000000581b7000 JavaThread "File lock request listener" [_thread_in_native, id=7096, stack(0x000000005a980000,0x000000005aa80000)]
  0x0000000057903000 JavaThread "Cache worker for file hash cache (C:\Users\SAMUEL\.gradle\caches\5.4.1\fileHashes)" [_thread_blocked, id=4544, stack(0x000000005a6a0000,0x000000005a7a0000)]
  0x00000000560b9000 JavaThread "Thread-9" [_thread_blocked, id=1128, stack(0x000000005a580000,0x000000005a680000)]
  0x0000000057877800 JavaThread "Asynchronous log dispatcher for DefaultDaemonConnection: socket connection from /127.0.0.1:2794 to /127.0.0.1:2795" [_thread_blocked, id=2176, stack(0x000000005a210000,0x000000005a310000)]
  0x00000000589be000 JavaThread "Daemon worker" [_thread_blocked, id=4276, stack(0x000000005a020000,0x000000005a120000)]
  0x00000000589bb800 JavaThread "Cancel handler" [_thread_blocked, id=5592, stack(0x0000000059b70000,0x0000000059c70000)]
  0x0000000057f34000 JavaThread "Handler for socket connection from /127.0.0.1:2794 to /127.0.0.1:2795" [_thread_in_native, id=6012, stack(0x0000000059ce0000,0x0000000059de0000)]
  0x0000000057f33000 JavaThread "Daemon" [_thread_blocked, id=7084, stack(0x0000000059730000,0x0000000059830000)]
  0x0000000057800800 JavaThread "Daemon periodic checks" [_thread_blocked, id=6176, stack(0x0000000059a70000,0x0000000059b70000)]
  0x0000000058240800 JavaThread "Incoming local TCP Connector on port 2794" [_thread_in_native, id=5320, stack(0x00000000598c0000,0x00000000599c0000)]
  0x00000000586be000 JavaThread "Daemon health stats" [_thread_blocked, id=5192, stack(0x00000000593e0000,0x00000000594e0000)]
  0x00000000560ab000 JavaThread "Service Thread" daemon [_thread_blocked, id=5788, stack(0x0000000057520000,0x0000000057620000)]
  0x000000005609b000 JavaThread "C1 CompilerThread1" daemon [_thread_blocked, id=6208, stack(0x00000000573a0000,0x00000000574a0000)]
  0x0000000056097000 JavaThread "C2 CompilerThread0" daemon [_thread_blocked, id=5740, stack(0x0000000056fa0000,0x00000000570a0000)]
  0x0000000056095000 JavaThread "Attach Listener" daemon [_thread_blocked, id=2812, stack(0x00000000570d0000,0x00000000571d0000)]
  0x0000000056093800 JavaThread "Signal Dispatcher" daemon [_thread_blocked, id=6796, stack(0x0000000056e60000,0x0000000056f60000)]
  0x000000005607d800 JavaThread "Finalizer" daemon [_thread_blocked, id=3668, stack(0x0000000056d30000,0x0000000056e30000)]
  0x0000000056074800 JavaThread "Reference Handler" daemon [_thread_blocked, id=7000, stack(0x0000000056ba0000,0x0000000056ca0000)]
  0x00000000021be800 JavaThread "main" [_thread_blocked, id=1088, stack(0x0000000002520000,0x0000000002620000)]

Other Threads:
  0x000000005602c800 VMThread [stack: 0x00000000569e0000,0x0000000056ae0000] [id=5568]
  0x00000000560a0800 WatcherThread [stack: 0x00000000576f0000,0x00000000577f0000] [id=4524]

=>0x00000000020b4000 (exited) GCTaskThread [stack: 0x00000000023b0000,0x00000000024b0000] [id=5704]

VM state:at safepoint (normal execution)

VM Mutex/Monitor currently owned by a thread:  ([mutex/lock_event])
[0x00000000021bcb80] Threads_lock - owner thread: 0x000000005602c800
[0x00000000021bd080] Heap_lock - owner thread: 0x000000005609b000
[0x00000000021bd600] MethodData_lock - owner thread: 0x000000005609b000

heap address: 0x00000000a0000000, size: 1536 MB, Compressed Oops mode: 32-bit
Narrow klass base: 0x0000000000000000, Narrow klass shift: 0
Compressed class space size: 1073741824 Address: 0x0000000015700000

Heap:
 PSYoungGen      total 229888K, used 15951K [0x00000000e0000000, 0x00000000f6800000, 0x0000000100000000)
  eden space 211456K, 0% used [0x00000000e0000000,0x00000000e0000000,0x00000000ece80000)
  from space 18432K, 86% used [0x00000000ece80000,0x00000000ede13d28,0x00000000ee080000)
  to   space 20480K, 0% used [0x00000000f5400000,0x00000000f5400000,0x00000000f6800000)
 ParOldGen       total 60416K, used 30127K [0x00000000a0000000, 0x00000000a3b00000, 0x00000000e0000000)
  object space 60416K, 49% used [0x00000000a0000000,0x00000000a1d6bd78,0x00000000a3b00000)
 Metaspace       used 57554K, capacity 59090K, committed 59160K, reserved 1099776K
  class space    used 7777K, capacity 8209K, committed 8232K, reserved 1048576K

Card table byte_map: [0x0000000011cb0000,0x0000000011fc0000] byte_map_base: 0x00000000117b0000

Marking Bits: (ParMarkBitMap*) 0x000000006a459f30
 Begin Bits: [0x0000000012400000, 0x0000000013c00000)
 End Bits:   [0x0000000013c00000, 0x0000000015400000)

Polling page: 0x0000000000130000

CodeCache: size=245760Kb used=17826Kb max_used=17826Kb free=227933Kb
 bounds [0x00000000028f0000, 0x0000000003a70000, 0x00000000118f0000]
 total_blobs=6080 nmethods=5297 adapters=697
 compilation: enabled

Compilation events (10 events):
Event: 178.179 Thread 0x000000005609b000 nmethod 5857 0x0000000003a5d990 code [0x0000000003a5dae0, 0x0000000003a5dc30]
Event: 178.179 Thread 0x000000005609b000 5858       3       org.gradle.api.internal.artifacts.ivyservice.resolveengine.oldresult.ResolutionFailureCollector::visitSelector (1 bytes)
Event: 178.179 Thread 0x000000005609b000 nmethod 5858 0x0000000003a5dcd0 code [0x0000000003a5de20, 0x0000000003a5df70]
Event: 178.179 Thread 0x000000005609b000 5859       3       org.gradle.api.internal.artifacts.ivyservice.resolveengine.artifact.ResolvedArtifactsGraphVisitor::visitSelector (1 bytes)
Event: 178.180 Thread 0x000000005609b000 nmethod 5859 0x0000000003a5e010 code [0x0000000003a5e160, 0x0000000003a5e2b0]
Event: 178.183 Thread 0x000000005609b000 5860       3       org.gradle.api.internal.artifacts.ivyservice.resolveengine.graph.builder.AttributeDesugaring::desugarSelector (140 bytes)
Event: 178.187 Thread 0x000000005609b000 nmethod 5860 0x0000000003a5e350 code [0x0000000003a5e600, 0x0000000003a5f978]
Event: 178.187 Thread 0x000000005609b000 5861       3       org.gradle.api.internal.artifacts.ivyservice.resolveengine.result.ComponentSelectorSerializer::write (452 bytes)
Event: 178.198 Thread 0x000000005609b000 nmethod 5861 0x0000000003a5ff10 code [0x0000000003a60540, 0x0000000003a63eb8]
Event: 178.206 Thread 0x000000005609b000 5862       3       org.gradle.internal.Describables$FixedDescribable::getDisplayName (41 bytes)

GC Heap History (10 events):
Event: 98.164 GC heap after
Heap after GC invocations=9 (full 1):
 PSYoungGen      total 149504K, used 12272K [0x00000000e0000000, 0x00000000ea200000, 0x0000000100000000)
  eden space 137216K, 0% used [0x00000000e0000000,0x00000000e0000000,0x00000000e8600000)
  from space 12288K, 99% used [0x00000000e9600000,0x00000000ea1fc1f0,0x00000000ea200000)
  to   space 14336K, 0% used [0x00000000e8600000,0x00000000e8600000,0x00000000e9400000)
 ParOldGen       total 49152K, used 11182K [0x00000000a0000000, 0x00000000a3000000, 0x00000000e0000000)
  object space 49152K, 22% used [0x00000000a0000000,0x00000000a0aebbe0,0x00000000a3000000)
 Metaspace       used 34757K, capacity 35420K, committed 35496K, reserved 1079296K
  class space    used 4781K, capacity 5016K, committed 5032K, reserved 1048576K
}
Event: 98.180 GC heap before
{Heap before GC invocations=10 (full 1):
 PSYoungGen      total 149504K, used 14707K [0x00000000e0000000, 0x00000000ea200000, 0x0000000100000000)
  eden space 137216K, 1% used [0x00000000e0000000,0x00000000e0260bc8,0x00000000e8600000)
  from space 12288K, 99% used [0x00000000e9600000,0x00000000ea1fc1f0,0x00000000ea200000)
  to   space 14336K, 0% used [0x00000000e8600000,0x00000000e8600000,0x00000000e9400000)
 ParOldGen       total 49152K, used 11182K [0x00000000a0000000, 0x00000000a3000000, 0x00000000e0000000)
  object space 49152K, 22% used [0x00000000a0000000,0x00000000a0aebbe0,0x00000000a3000000)
 Metaspace       used 34758K, capacity 35420K, committed 35496K, reserved 1079296K
  class space    used 4781K, capacity 5016K, committed 5032K, reserved 1048576K
Event: 98.309 GC heap after
Heap after GC invocations=10 (full 1):
 PSYoungGen      total 151552K, used 12344K [0x00000000e0000000, 0x00000000ef000000, 0x0000000100000000)
  eden space 137216K, 0% used [0x00000000e0000000,0x00000000e0000000,0x00000000e8600000)
  from space 14336K, 86% used [0x00000000e8600000,0x00000000e920e240,0x00000000e9400000)
  to   space 15872K, 0% used [0x00000000ee080000,0x00000000ee080000,0x00000000ef000000)
 ParOldGen       total 49152K, used 11190K [0x00000000a0000000, 0x00000000a3000000, 0x00000000e0000000)
  object space 49152K, 22% used [0x00000000a0000000,0x00000000a0aedbe0,0x00000000a3000000)
 Metaspace       used 34758K, capacity 35420K, committed 35496K, reserved 1079296K
  class space    used 4781K, capacity 5016K, committed 5032K, reserved 1048576K
}
Event: 98.310 GC heap before
{Heap before GC invocations=11 (full 2):
 PSYoungGen      total 151552K, used 12344K [0x00000000e0000000, 0x00000000ef000000, 0x0000000100000000)
  eden space 137216K, 0% used [0x00000000e0000000,0x00000000e0000000,0x00000000e8600000)
  from space 14336K, 86% used [0x00000000e8600000,0x00000000e920e240,0x00000000e9400000)
  to   space 15872K, 0% used [0x00000000ee080000,0x00000000ee080000,0x00000000ef000000)
 ParOldGen       total 49152K, used 11190K [0x00000000a0000000, 0x00000000a3000000, 0x00000000e0000000)
  object space 49152K, 22% used [0x00000000a0000000,0x00000000a0aedbe0,0x00000000a3000000)
 Metaspace       used 34758K, capacity 35420K, committed 35496K, reserved 1079296K
  class space    used 4781K, capacity 5016K, committed 5032K, reserved 1048576K
Event: 98.709 GC heap after
Heap after GC invocations=11 (full 2):
 PSYoungGen      total 151552K, used 0K [0x00000000e0000000, 0x00000000ef000000, 0x0000000100000000)
  eden space 137216K, 0% used [0x00000000e0000000,0x00000000e0000000,0x00000000e8600000)
  from space 14336K, 0% used [0x00000000e8600000,0x00000000e8600000,0x00000000e9400000)
  to   space 15872K, 0% used [0x00000000ee080000,0x00000000ee080000,0x00000000ef000000)
 ParOldGen       total 60416K, used 19901K [0x00000000a0000000, 0x00000000a3b00000, 0x00000000e0000000)
  object space 60416K, 32% used [0x00000000a0000000,0x00000000a136f440,0x00000000a3b00000)
 Metaspace       used 34758K, capacity 35420K, committed 35496K, reserved 1079296K
  class space    used 4781K, capacity 5016K, committed 5032K, reserved 1048576K
}
Event: 132.677 GC heap before
{Heap before GC invocations=12 (full 2):
 PSYoungGen      total 151552K, used 137216K [0x00000000e0000000, 0x00000000ef000000, 0x0000000100000000)
  eden space 137216K, 100% used [0x00000000e0000000,0x00000000e8600000,0x00000000e8600000)
  from space 14336K, 0% used [0x00000000e8600000,0x00000000e8600000,0x00000000e9400000)
  to   space 15872K, 0% used [0x00000000ee080000,0x00000000ee080000,0x00000000ef000000)
 ParOldGen       total 60416K, used 19901K [0x00000000a0000000, 0x00000000a3b00000, 0x00000000e0000000)
  object space 60416K, 32% used [0x00000000a0000000,0x00000000a136f440,0x00000000a3b00000)
 Metaspace       used 47595K, capacity 48734K, committed 49064K, reserved 1091584K
  class space    used 6390K, capacity 6706K, committed 6824K, reserved 1048576K
Event: 132.803 GC heap after
Heap after GC invocations=12 (full 2):
 PSYoungGen      total 227328K, used 15864K [0x00000000e0000000, 0x00000000ef580000, 0x0000000100000000)
  eden space 211456K, 0% used [0x00000000e0000000,0x00000000e0000000,0x00000000ece80000)
  from space 15872K, 99% used [0x00000000ee080000,0x00000000eeffe390,0x00000000ef000000)
  to   space 18432K, 0% used [0x00000000ece80000,0x00000000ece80000,0x00000000ee080000)
 ParOldGen       total 60416K, used 21389K [0x00000000a0000000, 0x00000000a3b00000, 0x00000000e0000000)
  object space 60416K, 35% used [0x00000000a0000000,0x00000000a14e3730,0x00000000a3b00000)
 Metaspace       used 47595K, capacity 48734K, committed 49064K, reserved 1091584K
  class space    used 6390K, capacity 6706K, committed 6824K, reserved 1048576K
}
Event: 178.208 GC heap before
{Heap before GC invocations=13 (full 2):
 PSYoungGen      total 227328K, used 167616K [0x00000000e0000000, 0x00000000ef580000, 0x0000000100000000)
  eden space 211456K, 71% used [0x00000000e0000000,0x00000000e9431e18,0x00000000ece80000)
  from space 15872K, 99% used [0x00000000ee080000,0x00000000eeffe390,0x00000000ef000000)
  to   space 18432K, 0% used [0x00000000ece80000,0x00000000ece80000,0x00000000ee080000)
 ParOldGen       total 60416K, used 21389K [0x00000000a0000000, 0x00000000a3b00000, 0x00000000e0000000)
  object space 60416K, 35% used [0x00000000a0000000,0x00000000a14e3730,0x00000000a3b00000)
 Metaspace       used 57554K, capacity 59090K, committed 59160K, reserved 1099776K
  class space    used 7777K, capacity 8209K, committed 8232K, reserved 1048576K
Event: 178.457 GC heap after
Heap after GC invocations=13 (full 2):
 PSYoungGen      total 229888K, used 15951K [0x00000000e0000000, 0x00000000f6800000, 0x0000000100000000)
  eden space 211456K, 0% used [0x00000000e0000000,0x00000000e0000000,0x00000000ece80000)
  from space 18432K, 86% used [0x00000000ece80000,0x00000000ede13d28,0x00000000ee080000)
  to   space 20480K, 0% used [0x00000000f5400000,0x00000000f5400000,0x00000000f6800000)
 ParOldGen       total 60416K, used 30127K [0x00000000a0000000, 0x00000000a3b00000, 0x00000000e0000000)
  object space 60416K, 49% used [0x00000000a0000000,0x00000000a1d6bd78,0x00000000a3b00000)
 Metaspace       used 57554K, capacity 59090K, committed 59160K, reserved 1099776K
  class space    used 7777K, capacity 8209K, committed 8232K, reserved 1048576K
}
Event: 178.457 GC heap before
{Heap before GC invocations=14 (full 3):
 PSYoungGen      total 229888K, used 15951K [0x00000000e0000000, 0x00000000f6800000, 0x0000000100000000)
  eden space 211456K, 0% used [0x00000000e0000000,0x00000000e0000000,0x00000000ece80000)
  from space 18432K, 86% used [0x00000000ece80000,0x00000000ede13d28,0x00000000ee080000)
  to   space 20480K, 0% used [0x00000000f5400000,0x00000000f5400000,0x00000000f6800000)
 ParOldGen       total 60416K, used 30127K [0x00000000a0000000, 0x00000000a3b00000, 0x00000000e0000000)
  object space 60416K, 49% used [0x00000000a0000000,0x00000000a1d6bd78,0x00000000a3b00000)
 Metaspace       used 57554K, capacity 59090K, committed 59160K, reserved 1099776K
  class space    used 7777K, capacity 8209K, committed 8232K, reserved 1048576K

Deoptimization events (10 events):
Event: 123.439 Thread 0x00000000589be000 Uncommon trap: reason=unstable_if action=reinterpret pc=0x00000000030b0290 method=org.gradle.internal.reflect.PropertyAccessorType.of(Ljava/lang/reflect/Method;)Lorg/gradle/internal/reflect/PropertyAccessorType; @ 56
Event: 124.941 Thread 0x00000000589be000 Uncommon trap: reason=unstable_if action=reinterpret pc=0x0000000003332ccc method=groovy.lang.MetaClassImpl$1MOPIter.methodNameAction(Ljava/lang/Class;Lorg/codehaus/groovy/runtime/metaclass/MetaMethodIndex$Entry;)V @ 182
Event: 134.860 Thread 0x00000000589be000 Uncommon trap: reason=unstable_if action=reinterpret pc=0x0000000002e0acc4 method=java.lang.String.lastIndexOf([CII[CIII)I @ 17
Event: 136.513 Thread 0x00000000589be000 Uncommon trap: reason=unstable_if action=reinterpret pc=0x0000000002dd7498 method=java.util.concurrent.ConcurrentHashMap.putVal(Ljava/lang/Object;Ljava/lang/Object;Z)Ljava/lang/Object; @ 195
Event: 136.831 Thread 0x00000000589be000 Uncommon trap: reason=unstable_if action=reinterpret pc=0x0000000003663eb8 method=kotlin.reflect.jvm.internal.impl.protobuf.CodedInputStream.readRawVarint32()I @ 10
Event: 145.671 Thread 0x00000000589be000 Uncommon trap: reason=unstable_if action=reinterpret pc=0x00000000035d0a54 method=org.codehaus.groovy.runtime.metaclass.MetaMethodIndex.addMethodToList(Ljava/lang/Object;Lgroovy/lang/MetaMethod;)Ljava/lang/Object; @ 256
Event: 148.298 Thread 0x00000000589be000 Uncommon trap: reason=unstable_if action=reinterpret pc=0x00000000031bb15c method=java.io.WinNTFileSystem.normalize(Ljava/lang/String;)Ljava/lang/String; @ 74
Event: 167.551 Thread 0x00000000589be000 Uncommon trap: reason=unstable_if action=reinterpret pc=0x0000000002e1ca58 method=java.util.regex.Pattern$BmpCharProperty.match(Ljava/util/regex/Matcher;ILjava/lang/CharSequence;)Z @ 34
Event: 167.941 Thread 0x00000000589be000 Uncommon trap: reason=unstable_if action=reinterpret pc=0x00000000038a5e4c method=com.sun.org.apache.xerces.internal.impl.XMLEntityScanner.scanLiteral(ILcom/sun/org/apache/xerces/internal/xni/XMLString;Z)I @ 660
Event: 177.180 Thread 0x00000000589be000 Uncommon trap: reason=unstable_if action=reinterpret pc=0x000000000312acf0 method=com.esotericsoftware.kryo.io.Input.readString()Ljava/lang/String; @ 38

Classes redefined (0 events):
No events

Internal exceptions (10 events):
Event: 148.715 Thread 0x00000000589be000 Exception <a 'java/lang/ClassNotFoundException': org/gradle/invocation/DefaultGradleCustomizer> (0x00000000e50884b8) thrown at [D:\src\AOSP-openjdk-cygwin\jdk8u\hotspot\src\share\vm\classfile\systemDictionary.cpp, line 210]
Event: 148.724 Thread 0x00000000589be000 Exception <a 'java/lang/ClassNotFoundException': org/gradle/invocation/DefaultGradle_DecoratedCustomizer> (0x00000000e50e3b60) thrown at [D:\src\AOSP-openjdk-cygwin\jdk8u\hotspot\src\share\vm\classfile\systemDictionary.cpp, line 210]
Event: 151.136 Thread 0x00000000589be000 Exception <a 'java/lang/NoSuchMethodError': java.lang.Object.lambda$static$0(Ljava/util/Set;Ljava/util/Set;)Z> (0x00000000e5b0c640) thrown at [D:\src\AOSP-openjdk-cygwin\jdk8u\hotspot\src\share\vm\interpreter\linkResolver.cpp, line 620]
Event: 151.140 Thread 0x00000000589be000 Exception <a 'java/lang/NoSuchMethodError': java.lang.Object.lambda$static$1(Ljava/util/Set;Ljava/util/Set;)Z> (0x00000000e5b0f5b0) thrown at [D:\src\AOSP-openjdk-cygwin\jdk8u\hotspot\src\share\vm\interpreter\linkResolver.cpp, line 620]
Event: 151.142 Thread 0x00000000589be000 Exception <a 'java/lang/NoSuchMethodError': java.lang.Object.lambda$static$2(Ljava/util/Set;Ljava/util/Set;)Z> (0x00000000e5b120f0) thrown at [D:\src\AOSP-openjdk-cygwin\jdk8u\hotspot\src\share\vm\interpreter\linkResolver.cpp, line 620]
Event: 151.144 Thread 0x00000000589be000 Exception <a 'java/lang/NoSuchMethodError': java.lang.Object.lambda$static$3(Ljava/util/Set;Ljava/util/Set;)Z> (0x00000000e5b14c30) thrown at [D:\src\AOSP-openjdk-cygwin\jdk8u\hotspot\src\share\vm\interpreter\linkResolver.cpp, line 620]
Event: 151.146 Thread 0x00000000589be000 Exception <a 'java/lang/NoSuchMethodError': java.lang.Object.lambda$static$4(Ljava/util/Set;Ljava/util/Set;)Z> (0x00000000e5b17770) thrown at [D:\src\AOSP-openjdk-cygwin\jdk8u\hotspot\src\share\vm\interpreter\linkResolver.cpp, line 620]
Event: 159.733 Thread 0x00000000589be000 Exception <a 'java/lang/ClassNotFoundException': com/sun/org/glassfish/hk2/osgiresourcelocator/ServiceLoader> (0x00000000e64b93a8) thrown at [D:\src\AOSP-openjdk-cygwin\jdk8u\hotspot\src\share\vm\classfile\systemDictionary.cpp, line 210]
Event: 160.114 Thread 0x00000000589be000 Exception <a 'java/lang/NullPointerException'> (0x00000000e6994740) thrown at [D:\src\AOSP-openjdk-cygwin\jdk8u\hotspot\src\share\vm\interpreter\linkResolver.cpp, line 1287]
Event: 170.328 Thread 0x00000000589be000 Exception <a 'java/lang/NoSuchMethodError': <clinit>> (0x00000000e857db80) thrown at [D:\src\AOSP-openjdk-cygwin\jdk8u\hotspot\src\share\vm\prims\jni.cpp, line 1614]

Events (10 events):
Event: 177.400 loading class org/gradle/api/artifacts/DependencyConstraint done
Event: 177.401 loading class com/android/build/gradle/internal/dependency/ConstraintHandler$execute$$inlined$forEach$lambda$1$1
Event: 177.401 loading class com/android/build/gradle/internal/dependency/ConstraintHandler$execute$$inlined$forEach$lambda$1$1 done
Event: 177.402 loading class org/gradle/api/artifacts/MutableVersionConstraint
Event: 177.402 loading class org/gradle/api/artifacts/MutableVersionConstraint done
Event: 177.561 loading class org/gradle/api/internal/artifacts/ivyservice/ivyresolve/strategy/InverseVersionSelector
Event: 177.561 loading class org/gradle/api/internal/artifacts/ivyservice/ivyresolve/strategy/InverseVersionSelector done
Event: 177.595 loading class org/gradle/api/internal/artifacts/ivyservice/resolveengine/graph/builder/LenientPlatformDependencyMetadata
Event: 177.595 loading class org/gradle/api/internal/artifacts/ivyservice/resolveengine/graph/builder/LenientPlatformDependencyMetadata done
Event: 178.207 Executing VM operation: CollectForMetadataAllocation


Dynamic libraries:
0x000000013fdf0000 - 0x000000013fe21000 	C:\Program Files\Android\Android Studio\jre\bin\java.exe
0x00000000778e0000 - 0x0000000077a8a000 	C:\Windows\SYSTEM32\ntdll.dll
0x00000000776c0000 - 0x00000000777df000 	C:\Windows\system32\kernel32.dll
0x000007fefd7c0000 - 0x000007fefd82a000 	C:\Windows\system32\KERNELBASE.dll
0x000007fefda50000 - 0x000007fefdb2b000 	C:\Windows\system32\ADVAPI32.dll
0x000007fefe180000 - 0x000007fefe21f000 	C:\Windows\system32\msvcrt.dll
0x000007fefe360000 - 0x000007fefe37f000 	C:\Windows\SYSTEM32\sechost.dll
0x000007feff9b0000 - 0x000007feffadd000 	C:\Windows\system32\RPCRT4.dll
0x00000000777e0000 - 0x00000000778da000 	C:\Windows\system32\USER32.dll
0x000007fefe220000 - 0x000007fefe287000 	C:\Windows\system32\GDI32.dll
0x000007feff920000 - 0x000007feff92e000 	C:\Windows\system32\LPK.dll
0x000007fefe290000 - 0x000007fefe35a000 	C:\Windows\system32\USP10.dll
0x000007fefbfa0000 - 0x000007fefc194000 	C:\Windows\WinSxS\amd64_microsoft.windows.common-controls_6595b64144ccf1df_6.0.7601.17514_none_fa396087175ac9ac\COMCTL32.dll
0x000007fefdb30000 - 0x000007fefdba1000 	C:\Windows\system32\SHLWAPI.dll
0x000007feff570000 - 0x000007feff59e000 	C:\Windows\system32\IMM32.DLL
0x000007feffae0000 - 0x000007feffbe9000 	C:\Windows\system32\MSCTF.dll
0x000000006a8b0000 - 0x000000006a982000 	C:\Program Files\Android\Android Studio\jre\jre\bin\msvcr100.dll
0x0000000069c90000 - 0x000000006a4d6000 	C:\Program Files\Android\Android Studio\jre\jre\bin\server\jvm.dll
0x000007fefac80000 - 0x000007fefac89000 	C:\Windows\system32\WSOCK32.dll
0x000007fefe530000 - 0x000007fefe57d000 	C:\Windows\system32\WS2_32.dll
0x000007feff640000 - 0x000007feff648000 	C:\Windows\system32\NSI.dll
0x000007fef9fd0000 - 0x000007fefa00b000 	C:\Windows\system32\WINMM.dll
0x000007fefc780000 - 0x000007fefc78c000 	C:\Windows\system32\VERSION.dll
0x0000000077aa0000 - 0x0000000077aa7000 	C:\Windows\system32\PSAPI.DLL
0x000007fef28a0000 - 0x000007fef28af000 	C:\Program Files\Android\Android Studio\jre\jre\bin\verify.dll
0x000007feea230000 - 0x000007feea259000 	C:\Program Files\Android\Android Studio\jre\jre\bin\java.dll
0x000007feea5e0000 - 0x000007feea5f6000 	C:\Program Files\Android\Android Studio\jre\jre\bin\zip.dll
0x000007fefe580000 - 0x000007feff30a000 	C:\Windows\system32\SHELL32.dll
0x000007fefdd90000 - 0x000007fefdf93000 	C:\Windows\system32\ole32.dll
0x000007fefd690000 - 0x000007fefd69f000 	C:\Windows\system32\profapi.dll
0x000007feea6d0000 - 0x000007feea6ea000 	C:\Program Files\Android\Android Studio\jre\jre\bin\net.dll
0x000007fefce30000 - 0x000007fefce85000 	C:\Windows\system32\mswsock.dll
0x000007fefce20000 - 0x000007fefce27000 	C:\Windows\System32\wship6.dll
0x000007feea270000 - 0x000007feea281000 	C:\Program Files\Android\Android Studio\jre\jre\bin\nio.dll
0x000007fee6f90000 - 0x000007fee6fb6000 	C:\Users\SAMUEL\.gradle\native\29\windows-amd64\native-platform.dll
0x000007fefad40000 - 0x000007fefad43000 	C:\Windows\system32\api-ms-win-core-synch-l1-2-0.DLL
0x000007fef28b0000 - 0x000007fef28bd000 	C:\Program Files\Android\Android Studio\jre\jre\bin\management.dll
0x000007fefce90000 - 0x000007fefcea8000 	C:\Windows\system32\CRYPTSP.dll
0x000007fefcb90000 - 0x000007fefcbd7000 	C:\Windows\system32\rsaenh.dll
0x000007fefd850000 - 0x000007fefd86e000 	C:\Windows\system32\USERENV.dll
0x000007fefd4f0000 - 0x000007fefd4ff000 	C:\Windows\system32\CRYPTBASE.dll
0x000007fefaa20000 - 0x000007fefaa47000 	C:\Windows\system32\IPHLPAPI.DLL
0x000007fefa9e0000 - 0x000007fefa9eb000 	C:\Windows\system32\WINNSI.DLL
0x000007fefa890000 - 0x000007fefa8a8000 	C:\Windows\system32\dhcpcsvc.DLL
0x000007fefa330000 - 0x000007fefa341000 	C:\Windows\system32\dhcpcsvc6.DLL
0x000007feeb870000 - 0x000007feeb995000 	C:\Windows\system32\dbghelp.dll

VM Arguments:
jvm_args: -Xmx1536m -Dfile.encoding=windows-1252 -Duser.country=US -Duser.language=en -Duser.variant 
java_command: org.gradle.launcher.daemon.bootstrap.GradleDaemon 5.4.1
java_class_path (initial): C:\Users\SAMUEL\.gradle\wrapper\dists\gradle-5.4.1-all\3221gyojl5jsh0helicew7rwx\gradle-5.4.1\lib\gradle-launcher-5.4.1.jar
Launcher Type: SUN_STANDARD

Environment Variables:
PATH=C:\Program Files\Java\jre1.8.0_162\bin;C:\Program Files\Java\jdk1.8.0_162\bin;C:\Users\SAMUEL\AppData\Local\Programs\Python\Python36-32;C:\Program Files\nodejs\;C:\Program Files (x86)\AppInventor\commands-for-appinventor;C:\Program Files (x86)\Anaconda\Lib;C:\Program Files\PuTTY\;C:\Maven\apache-maven-3.6.3\bin;C:\Program Files\Git\cmd;C:\Users\SAMUEL\Anaconda3;C:\Users\SAMUEL\Anaconda3\Library\mingw-w64\bin;C:\Users\SAMUEL\Anaconda3\Library\usr\bin;C:\Users\SAMUEL\Anaconda3\Library\bin;C:\Users\SAMUEL\Anaconda3\Scripts;C:\Users\SAMUEL\AppData\Roaming\npm;%IntelliJ IDEA Community Edition%
USERNAME=SAMUEL
OS=Windows_NT
PROCESSOR_IDENTIFIER=AMD64 Family 20 Model 2 Stepping 0, AuthenticAMD



---------------  S Y S T E M  ---------------

OS: Windows 7 , 64 bit Build 7601 (6.1.7601.23677)

CPU:total 2 (initial active 2) (2 cores per cpu, 1 threads per core) family 20 model 2 stepping 0, cmov, cx8, fxsr, mmx, sse, sse2, sse3, ssse3, popcnt, mmxext, lzcnt, sse4a, tsc, tscinvbit, tscinv

Memory: 4k page, physical 5876640k(276892k free), swap 11751420k(5698508k free)

vm_info: OpenJDK 64-Bit Server VM (25.202-b03) for windows-amd64 JRE (1.8.0_202-release-1483-b03), built by "builder" with MS VC++ 10.0 (VS2010)

time: Wed Jan 15 13:16:23 2020
timezone: W. Central Africa Standard Time
elapsed time: 181 seconds (0d 0h 3m 1s)

